[2025-07-22T16:23:53.470+0000] {taskinstance.py:1956} INFO - Dependencies all met for dep_context=non-requeueable deps ti=<TaskInstance: main_pipeline.transform_crypto manual__2025-07-22T16:23:51.710605+00:00 [queued]>
[2025-07-22T16:23:53.475+0000] {taskinstance.py:1956} INFO - Dependencies all met for dep_context=requeueable deps ti=<TaskInstance: main_pipeline.transform_crypto manual__2025-07-22T16:23:51.710605+00:00 [queued]>
[2025-07-22T16:23:53.475+0000] {taskinstance.py:2170} INFO - Starting attempt 1 of 1
[2025-07-22T16:23:53.485+0000] {taskinstance.py:2191} INFO - Executing <Task(PythonOperator): transform_crypto> on 2025-07-22 16:23:51.710605+00:00
[2025-07-22T16:23:53.490+0000] {standard_task_runner.py:60} INFO - Started process 224 to run task
[2025-07-22T16:23:53.493+0000] {standard_task_runner.py:87} INFO - Running: ['***', 'tasks', 'run', 'main_pipeline', 'transform_crypto', 'manual__2025-07-22T16:23:51.710605+00:00', '--job-id', '19', '--raw', '--subdir', 'DAGS_FOLDER/main_pipeline.py', '--cfg-path', '/tmp/tmpxb7ok8uc']
[2025-07-22T16:23:53.494+0000] {standard_task_runner.py:88} INFO - Job 19: Subtask transform_crypto
[2025-07-22T16:23:53.527+0000] {task_command.py:423} INFO - Running <TaskInstance: main_pipeline.transform_crypto manual__2025-07-22T16:23:51.710605+00:00 [running]> on host dc5230c5617d
[2025-07-22T16:23:53.574+0000] {taskinstance.py:2480} INFO - Exporting env vars: AIRFLOW_CTX_DAG_OWNER='***' AIRFLOW_CTX_DAG_ID='main_pipeline' AIRFLOW_CTX_TASK_ID='transform_crypto' AIRFLOW_CTX_EXECUTION_DATE='2025-07-22T16:23:51.710605+00:00' AIRFLOW_CTX_TRY_NUMBER='1' AIRFLOW_CTX_DAG_RUN_ID='manual__2025-07-22T16:23:51.710605+00:00'
[2025-07-22T16:23:53.582+0000] {taskinstance.py:2698} ERROR - Task failed with exception
Traceback (most recent call last):
  File "/home/airflow/.local/lib/python3.8/site-packages/airflow/models/taskinstance.py", line 433, in _execute_task
    result = execute_callable(context=context, **execute_callable_kwargs)
  File "/home/airflow/.local/lib/python3.8/site-packages/airflow/operators/python.py", line 199, in execute
    return_value = self.execute_callable()
  File "/home/airflow/.local/lib/python3.8/site-packages/airflow/operators/python.py", line 216, in execute_callable
    return self.python_callable(*self.op_args, **self.op_kwargs)
  File "/opt/airflow/src/frankfurter/transform.py", line 85, in transform_crypto
    date = datetime.now().strftime("%Y-%m-%d")
NameError: name 'datetime' is not defined
[2025-07-22T16:23:53.587+0000] {taskinstance.py:1138} INFO - Marking task as FAILED. dag_id=main_pipeline, task_id=transform_crypto, execution_date=20250722T162351, start_date=20250722T162353, end_date=20250722T162353
[2025-07-22T16:23:53.596+0000] {standard_task_runner.py:107} ERROR - Failed to execute job 19 for task transform_crypto (name 'datetime' is not defined; 224)
[2025-07-22T16:23:53.625+0000] {local_task_job_runner.py:234} INFO - Task exited with return code 1
[2025-07-22T16:23:53.641+0000] {taskinstance.py:3280} INFO - 0 downstream tasks scheduled from follow-on schedule check
