[2025-07-22T16:52:11.216+0000] {taskinstance.py:1956} INFO - Dependencies all met for dep_context=non-requeueable deps ti=<TaskInstance: main_pipeline.transform_all manual__2025-07-22T16:52:09.012549+00:00 [queued]>
[2025-07-22T16:52:11.222+0000] {taskinstance.py:1956} INFO - Dependencies all met for dep_context=requeueable deps ti=<TaskInstance: main_pipeline.transform_all manual__2025-07-22T16:52:09.012549+00:00 [queued]>
[2025-07-22T16:52:11.222+0000] {taskinstance.py:2170} INFO - Starting attempt 1 of 1
[2025-07-22T16:52:11.230+0000] {taskinstance.py:2191} INFO - Executing <Task(PythonOperator): transform_all> on 2025-07-22 16:52:09.012549+00:00
[2025-07-22T16:52:11.235+0000] {standard_task_runner.py:60} INFO - Started process 198 to run task
[2025-07-22T16:52:11.238+0000] {standard_task_runner.py:87} INFO - Running: ['***', 'tasks', 'run', 'main_pipeline', 'transform_all', 'manual__2025-07-22T16:52:09.012549+00:00', '--job-id', '10', '--raw', '--subdir', 'DAGS_FOLDER/main_pipeline.py', '--cfg-path', '/tmp/tmpmceihuby']
[2025-07-22T16:52:11.239+0000] {standard_task_runner.py:88} INFO - Job 10: Subtask transform_all
[2025-07-22T16:52:11.268+0000] {task_command.py:423} INFO - Running <TaskInstance: main_pipeline.transform_all manual__2025-07-22T16:52:09.012549+00:00 [running]> on host 37f452463ac0
[2025-07-22T16:52:11.314+0000] {taskinstance.py:2480} INFO - Exporting env vars: AIRFLOW_CTX_DAG_OWNER='***' AIRFLOW_CTX_DAG_ID='main_pipeline' AIRFLOW_CTX_TASK_ID='transform_all' AIRFLOW_CTX_EXECUTION_DATE='2025-07-22T16:52:09.012549+00:00' AIRFLOW_CTX_TRY_NUMBER='1' AIRFLOW_CTX_DAG_RUN_ID='manual__2025-07-22T16:52:09.012549+00:00'
[2025-07-22T16:52:11.315+0000] {taskinstance.py:2698} ERROR - Task failed with exception
Traceback (most recent call last):
  File "/home/airflow/.local/lib/python3.8/site-packages/airflow/models/taskinstance.py", line 433, in _execute_task
    result = execute_callable(context=context, **execute_callable_kwargs)
  File "/home/airflow/.local/lib/python3.8/site-packages/airflow/operators/python.py", line 199, in execute
    return_value = self.execute_callable()
  File "/home/airflow/.local/lib/python3.8/site-packages/airflow/operators/python.py", line 216, in execute_callable
    return self.python_callable(*self.op_args, **self.op_kwargs)
  File "/opt/airflow/src/frankfurter/transform.py", line 122, in transform_all
    transform_latest(ti)
  File "/opt/airflow/src/frankfurter/transform.py", line 2, in transform_latest
    latest_data = ti.xcom_pull(tasks_ids="extract_latest", key="latest_rates")
  File "/home/airflow/.local/lib/python3.8/site-packages/airflow/utils/session.py", line 79, in wrapper
    return func(*args, session=session, **kwargs)
TypeError: xcom_pull() got an unexpected keyword argument 'tasks_ids'
[2025-07-22T16:52:11.321+0000] {taskinstance.py:1138} INFO - Marking task as FAILED. dag_id=main_pipeline, task_id=transform_all, execution_date=20250722T165209, start_date=20250722T165211, end_date=20250722T165211
[2025-07-22T16:52:11.328+0000] {standard_task_runner.py:107} ERROR - Failed to execute job 10 for task transform_all (xcom_pull() got an unexpected keyword argument 'tasks_ids'; 198)
[2025-07-22T16:52:11.370+0000] {local_task_job_runner.py:234} INFO - Task exited with return code 1
[2025-07-22T16:52:11.385+0000] {taskinstance.py:3280} INFO - 0 downstream tasks scheduled from follow-on schedule check
