[2025-07-22T16:23:53.471+0000] {taskinstance.py:1956} INFO - Dependencies all met for dep_context=non-requeueable deps ti=<TaskInstance: main_pipeline.transform_latest manual__2025-07-22T16:23:51.710605+00:00 [queued]>
[2025-07-22T16:23:53.476+0000] {taskinstance.py:1956} INFO - Dependencies all met for dep_context=requeueable deps ti=<TaskInstance: main_pipeline.transform_latest manual__2025-07-22T16:23:51.710605+00:00 [queued]>
[2025-07-22T16:23:53.477+0000] {taskinstance.py:2170} INFO - Starting attempt 1 of 1
[2025-07-22T16:23:53.485+0000] {taskinstance.py:2191} INFO - Executing <Task(PythonOperator): transform_latest> on 2025-07-22 16:23:51.710605+00:00
[2025-07-22T16:23:53.490+0000] {standard_task_runner.py:60} INFO - Started process 225 to run task
[2025-07-22T16:23:53.493+0000] {standard_task_runner.py:87} INFO - Running: ['***', 'tasks', 'run', 'main_pipeline', 'transform_latest', 'manual__2025-07-22T16:23:51.710605+00:00', '--job-id', '18', '--raw', '--subdir', 'DAGS_FOLDER/main_pipeline.py', '--cfg-path', '/tmp/tmpf64cw9vf']
[2025-07-22T16:23:53.494+0000] {standard_task_runner.py:88} INFO - Job 18: Subtask transform_latest
[2025-07-22T16:23:53.526+0000] {task_command.py:423} INFO - Running <TaskInstance: main_pipeline.transform_latest manual__2025-07-22T16:23:51.710605+00:00 [running]> on host dc5230c5617d
[2025-07-22T16:23:53.575+0000] {taskinstance.py:2480} INFO - Exporting env vars: AIRFLOW_CTX_DAG_OWNER='***' AIRFLOW_CTX_DAG_ID='main_pipeline' AIRFLOW_CTX_TASK_ID='transform_latest' AIRFLOW_CTX_EXECUTION_DATE='2025-07-22T16:23:51.710605+00:00' AIRFLOW_CTX_TRY_NUMBER='1' AIRFLOW_CTX_DAG_RUN_ID='manual__2025-07-22T16:23:51.710605+00:00'
[2025-07-22T16:23:53.576+0000] {taskinstance.py:2698} ERROR - Task failed with exception
Traceback (most recent call last):
  File "/home/airflow/.local/lib/python3.8/site-packages/airflow/models/taskinstance.py", line 433, in _execute_task
    result = execute_callable(context=context, **execute_callable_kwargs)
  File "/home/airflow/.local/lib/python3.8/site-packages/airflow/operators/python.py", line 199, in execute
    return_value = self.execute_callable()
  File "/home/airflow/.local/lib/python3.8/site-packages/airflow/operators/python.py", line 216, in execute_callable
    return self.python_callable(*self.op_args, **self.op_kwargs)
  File "/opt/airflow/src/frankfurter/transform.py", line 2, in transform_latest
    latest_data = ti.xcom_pull(tasks_ids="extract_latest", key="latest_rates")
  File "/home/airflow/.local/lib/python3.8/site-packages/airflow/utils/session.py", line 79, in wrapper
    return func(*args, session=session, **kwargs)
TypeError: xcom_pull() got an unexpected keyword argument 'tasks_ids'
[2025-07-22T16:23:53.581+0000] {taskinstance.py:1138} INFO - Marking task as FAILED. dag_id=main_pipeline, task_id=transform_latest, execution_date=20250722T162351, start_date=20250722T162353, end_date=20250722T162353
[2025-07-22T16:23:53.589+0000] {standard_task_runner.py:107} ERROR - Failed to execute job 18 for task transform_latest (xcom_pull() got an unexpected keyword argument 'tasks_ids'; 225)
[2025-07-22T16:23:53.625+0000] {local_task_job_runner.py:234} INFO - Task exited with return code 1
[2025-07-22T16:23:53.668+0000] {taskinstance.py:3280} INFO - 0 downstream tasks scheduled from follow-on schedule check
