[2025-07-22T17:31:02.696+0000] {taskinstance.py:1956} INFO - Dependencies all met for dep_context=non-requeueable deps ti=<TaskInstance: main_pipeline.transform_all manual__2025-07-22T17:31:00.245336+00:00 [queued]>
[2025-07-22T17:31:02.700+0000] {taskinstance.py:1956} INFO - Dependencies all met for dep_context=requeueable deps ti=<TaskInstance: main_pipeline.transform_all manual__2025-07-22T17:31:00.245336+00:00 [queued]>
[2025-07-22T17:31:02.700+0000] {taskinstance.py:2170} INFO - Starting attempt 1 of 1
[2025-07-22T17:31:02.708+0000] {taskinstance.py:2191} INFO - Executing <Task(PythonOperator): transform_all> on 2025-07-22 17:31:00.245336+00:00
[2025-07-22T17:31:02.713+0000] {standard_task_runner.py:60} INFO - Started process 209 to run task
[2025-07-22T17:31:02.715+0000] {standard_task_runner.py:87} INFO - Running: ['***', 'tasks', 'run', 'main_pipeline', 'transform_all', 'manual__2025-07-22T17:31:00.245336+00:00', '--job-id', '10', '--raw', '--subdir', 'DAGS_FOLDER/main_pipeline.py', '--cfg-path', '/tmp/tmpfbef9m3x']
[2025-07-22T17:31:02.717+0000] {standard_task_runner.py:88} INFO - Job 10: Subtask transform_all
[2025-07-22T17:31:02.744+0000] {task_command.py:423} INFO - Running <TaskInstance: main_pipeline.transform_all manual__2025-07-22T17:31:00.245336+00:00 [running]> on host 289823fc3070
[2025-07-22T17:31:02.788+0000] {taskinstance.py:2480} INFO - Exporting env vars: AIRFLOW_CTX_DAG_OWNER='***' AIRFLOW_CTX_DAG_ID='main_pipeline' AIRFLOW_CTX_TASK_ID='transform_all' AIRFLOW_CTX_EXECUTION_DATE='2025-07-22T17:31:00.245336+00:00' AIRFLOW_CTX_TRY_NUMBER='1' AIRFLOW_CTX_DAG_RUN_ID='manual__2025-07-22T17:31:00.245336+00:00'
[2025-07-22T17:31:02.800+0000] {taskinstance.py:2698} ERROR - Task failed with exception
Traceback (most recent call last):
  File "/home/airflow/.local/lib/python3.8/site-packages/airflow/models/taskinstance.py", line 433, in _execute_task
    result = execute_callable(context=context, **execute_callable_kwargs)
  File "/home/airflow/.local/lib/python3.8/site-packages/airflow/operators/python.py", line 199, in execute
    return_value = self.execute_callable()
  File "/home/airflow/.local/lib/python3.8/site-packages/airflow/operators/python.py", line 216, in execute_callable
    return self.python_callable(*self.op_args, **self.op_kwargs)
  File "/opt/airflow/src/frankfurter/transform.py", line 125, in transform_all
    ti.xcom_push(key="transformed_latest", value=latest_data)
NameError: name 'latest_data' is not defined
[2025-07-22T17:31:02.805+0000] {taskinstance.py:1138} INFO - Marking task as FAILED. dag_id=main_pipeline, task_id=transform_all, execution_date=20250722T173100, start_date=20250722T173102, end_date=20250722T173102
[2025-07-22T17:31:02.814+0000] {standard_task_runner.py:107} ERROR - Failed to execute job 10 for task transform_all (name 'latest_data' is not defined; 209)
[2025-07-22T17:31:02.848+0000] {local_task_job_runner.py:234} INFO - Task exited with return code 1
[2025-07-22T17:31:02.861+0000] {taskinstance.py:3280} INFO - 0 downstream tasks scheduled from follow-on schedule check
